<?xml version="1.0" encoding="UTF-8"?>
<testsuite xmlns:xsi="http://www.w3.org/2001/XMLSchema-instance" xsi:noNamespaceSchemaLocation="https://maven.apache.org/surefire/maven-surefire-plugin/xsd/surefire-test-report.xsd" name="ru.nsu.ccfit.persistent.data.structure.map.PersistentMapTest" time="0.236" tests="34" errors="0" skipped="0" failures="0">
  <properties>
[...]
</properties>
  <testcase name="containsKey_noKey_success" classname="ru.nsu.ccfit.persistent.data.structure.map.PersistentMapTest" time="0.004"/>
  <testcase name="isEmpty_notEmptyMap_success" classname="ru.nsu.ccfit.persistent.data.structure.map.PersistentMapTest" time="0"/>
  <testcase name="putAll_toEmpty_success" classname="ru.nsu.ccfit.persistent.data.structure.map.PersistentMapTest" time="0.002"/>
  <testcase name="undo_once_success" classname="ru.nsu.ccfit.persistent.data.structure.map.PersistentMapTest" time="0.001"/>
  <testcase name="size_notEmptyMap_success" classname="ru.nsu.ccfit.persistent.data.structure.map.PersistentMapTest" time="0.003"/>
  <testcase name="clear_toNotEmpty_success" classname="ru.nsu.ccfit.persistent.data.structure.map.PersistentMapTest" time="0.005"/>
  <testcase name="put_existedKey_success" classname="ru.nsu.ccfit.persistent.data.structure.map.PersistentMapTest" time="0"/>
  <testcase name="isEmpty_emptyMap_success" classname="ru.nsu.ccfit.persistent.data.structure.map.PersistentMapTest" time="0.003"/>
  <testcase name="putAll_toNotEmpty_success" classname="ru.nsu.ccfit.persistent.data.structure.map.PersistentMapTest" time="0.002"/>
  <testcase name="remove_toSingleElement_success" classname="ru.nsu.ccfit.persistent.data.structure.map.PersistentMapTest" time="0.002"/>
  <testcase name="remove_toEmpty_success" classname="ru.nsu.ccfit.persistent.data.structure.map.PersistentMapTest" time="0.001"/>
  <testcase name="clear_toEmpty_success" classname="ru.nsu.ccfit.persistent.data.structure.map.PersistentMapTest" time="0.001"/>
  <testcase name="entrySet_toEmpty_success" classname="ru.nsu.ccfit.persistent.data.structure.map.PersistentMapTest" time="0.002"/>
  <testcase name="entrySet_toNotEmpty_success" classname="ru.nsu.ccfit.persistent.data.structure.map.PersistentMapTest" time="0.002"/>
  <testcase name="get_noEntry_success" classname="ru.nsu.ccfit.persistent.data.structure.map.PersistentMapTest" time="0.002"/>
  <testcase name="containsKey_withKey_success" classname="ru.nsu.ccfit.persistent.data.structure.map.PersistentMapTest" time="0.001"/>
  <testcase name="undo_twice_success" classname="ru.nsu.ccfit.persistent.data.structure.map.PersistentMapTest" time="0.001"/>
  <testcase name="values_toNotEmpty_success" classname="ru.nsu.ccfit.persistent.data.structure.map.PersistentMapTest" time="0.003"/>
  <testcase name="values_toEmpty_success" classname="ru.nsu.ccfit.persistent.data.structure.map.PersistentMapTest" time="0.003"/>
  <testcase name="size_emptyMap_success" classname="ru.nsu.ccfit.persistent.data.structure.map.PersistentMapTest" time="0.002"/>
  <testcase name="keySet_toNotEmpty_success" classname="ru.nsu.ccfit.persistent.data.structure.map.PersistentMapTest" time="0.004"/>
  <testcase name="put_newKey_success" classname="ru.nsu.ccfit.persistent.data.structure.map.PersistentMapTest" time="0.003"/>
  <testcase name="remove_toNotEmpty_success{Consumer}[1]" classname="ru.nsu.ccfit.persistent.data.structure.map.PersistentMapTest" time="0.005"/>
  <testcase name="remove_toNotEmpty_success{Consumer}[2]" classname="ru.nsu.ccfit.persistent.data.structure.map.PersistentMapTest" time="0.003"/>
  <testcase name="remove_toNotEmpty_success{Consumer}[3]" classname="ru.nsu.ccfit.persistent.data.structure.map.PersistentMapTest" time="0.002"/>
  <testcase name="remove_toNotEmpty_success{Consumer}[4]" classname="ru.nsu.ccfit.persistent.data.structure.map.PersistentMapTest" time="0.005"/>
  <testcase name="remove_toNotEmpty_success{Consumer}[5]" classname="ru.nsu.ccfit.persistent.data.structure.map.PersistentMapTest" time="0.005"/>
  <testcase name="remove_toNotEmpty_success{Consumer}[6]" classname="ru.nsu.ccfit.persistent.data.structure.map.PersistentMapTest" time="0.002"/>
  <testcase name="remove_toNotEmpty_success{Consumer}[7]" classname="ru.nsu.ccfit.persistent.data.structure.map.PersistentMapTest" time="0.003"/>
  <testcase name="containsValue_noValue_success" classname="ru.nsu.ccfit.persistent.data.structure.map.PersistentMapTest" time="0.018"/>
  <testcase name="keySet_toEmpty_success" classname="ru.nsu.ccfit.persistent.data.structure.map.PersistentMapTest" time="0"/>
  <testcase name="containsValue_withEntry_success" classname="ru.nsu.ccfit.persistent.data.structure.map.PersistentMapTest" time="0.01"/>
  <testcase name="redo_afterModification_doNotChangeState" classname="ru.nsu.ccfit.persistent.data.structure.map.PersistentMapTest" time="0.012"/>
  <testcase name="containsValue_withValue_success" classname="ru.nsu.ccfit.persistent.data.structure.map.PersistentMapTest" time="0"/>
</testsuite>