<?xml version="1.0" encoding="UTF-8"?>
<testsuite xmlns:xsi="http://www.w3.org/2001/XMLSchema-instance" xsi:noNamespaceSchemaLocation="https://maven.apache.org/surefire/maven-surefire-plugin/xsd/surefire-test-report.xsd" name="ru.nsu.ccfit.persistent.data.structure.array.PersistentArrayTest" time="0.135" tests="18" errors="0" skipped="0" failures="1">
  <properties>
[...]
</properties>
  <testcase name="testPersistentArrayForEach" classname="ru.nsu.ccfit.persistent.data.structure.array.PersistentArrayTest" time="0.052"/>
  <testcase name="testPersistentArrayIterator" classname="ru.nsu.ccfit.persistent.data.structure.array.PersistentArrayTest" time="0.001"/>
  <testcase name="testPersistentArrayRemove" classname="ru.nsu.ccfit.persistent.data.structure.array.PersistentArrayTest" time="0.007"/>
  <testcase name="testPersistentArrayStream" classname="ru.nsu.ccfit.persistent.data.structure.array.PersistentArrayTest" time="0.006"/>
  <testcase name="testPersistentArraySize" classname="ru.nsu.ccfit.persistent.data.structure.array.PersistentArrayTest" time="0.001"/>
  <testcase name="testPersistentArrayCascade" classname="ru.nsu.ccfit.persistent.data.structure.array.PersistentArrayTest" time="0.002"/>
  <testcase name="testPersistentArrayConstructor" classname="ru.nsu.ccfit.persistent.data.structure.array.PersistentArrayTest" time="0.001"/>
  <testcase name="testPersistentArrayToString" classname="ru.nsu.ccfit.persistent.data.structure.array.PersistentArrayTest" time="0.002"/>
  <testcase name="testPersistentArrayInsertedUndoRedo" classname="ru.nsu.ccfit.persistent.data.structure.array.PersistentArrayTest" time="0.002"/>
  <testcase name="testPersistentAdd" classname="ru.nsu.ccfit.persistent.data.structure.array.PersistentArrayTest" time="0"/>
  <testcase name="testPersistentArrayAddInTheMiddle" classname="ru.nsu.ccfit.persistent.data.structure.array.PersistentArrayTest" time="0.002"/>
  <testcase name="testPersistentArrayPop" classname="ru.nsu.ccfit.persistent.data.structure.array.PersistentArrayTest" time="0.002"/>
  <testcase name="testPersistentArraySet" classname="ru.nsu.ccfit.persistent.data.structure.array.PersistentArrayTest" time="0.001"/>
  <testcase name="testPersistentArrayClear" classname="ru.nsu.ccfit.persistent.data.structure.array.PersistentArrayTest" time="0.002"/>
  <testcase name="testPersistentArrayAddAndGet" classname="ru.nsu.ccfit.persistent.data.structure.array.PersistentArrayTest" time="0.001"/>
  <testcase name="testPersistentArrayUndoRedo" classname="ru.nsu.ccfit.persistent.data.structure.array.PersistentArrayTest" time="0.015">
    <failure message="expected: &lt;4&gt; but was: &lt;3&gt;" type="org.opentest4j.AssertionFailedError"><![CDATA[org.opentest4j.AssertionFailedError: expected: <4> but was: <3>
	at ru.nsu.ccfit.persistent.data.structure.array.PersistentArrayTest.testPersistentArrayUndoRedo(PersistentArrayTest.java:70)
]]></failure>
  </testcase>
  <testcase name="testPersistentArrayIsEmpty" classname="ru.nsu.ccfit.persistent.data.structure.array.PersistentArrayTest" time="0"/>
  <testcase name="testPersistentArrayToArray" classname="ru.nsu.ccfit.persistent.data.structure.array.PersistentArrayTest" time="0.001"/>
</testsuite>